2024-12-16 00:00:20 [DEBUG] com.zaxxer.hikari.pool.HikariPool - HikariPool-9 - Pool stats (total=10, active=0, idle=10, waiting=0)
2024-12-16 00:00:20 [DEBUG] com.zaxxer.hikari.pool.HikariPool - HikariPool-9 - Fill pool skipped, pool has sufficient level or currently being filled (queueDepth=0).
2024-12-16 00:00:50 [DEBUG] com.zaxxer.hikari.pool.HikariPool - HikariPool-9 - Pool stats (total=10, active=0, idle=10, waiting=0)
2024-12-16 00:00:50 [DEBUG] com.zaxxer.hikari.pool.HikariPool - HikariPool-9 - Fill pool skipped, pool has sufficient level or currently being filled (queueDepth=0).
2024-12-16 00:01:20 [DEBUG] com.zaxxer.hikari.pool.HikariPool - HikariPool-9 - Pool stats (total=10, active=0, idle=10, waiting=0)
2024-12-16 00:01:20 [DEBUG] com.zaxxer.hikari.pool.HikariPool - HikariPool-9 - Fill pool skipped, pool has sufficient level or currently being filled (queueDepth=0).
2024-12-16 00:01:40 [DEBUG] com.zaxxer.hikari.pool.PoolBase - HikariPool-9 - Closing connection net.sf.log4jdbc.sql.jdbcapi.ConnectionSpy@631f7cbc: (connection has passed maxLifetime)
2024-12-16 00:01:40 [DEBUG] com.zaxxer.hikari.pool.HikariPool - HikariPool-9 - Added connection net.sf.log4jdbc.sql.jdbcapi.ConnectionSpy@68fd91b2
2024-12-16 00:01:41 [DEBUG] com.zaxxer.hikari.pool.PoolBase - HikariPool-9 - Closing connection net.sf.log4jdbc.sql.jdbcapi.ConnectionSpy@9d1ebb8: (connection has passed maxLifetime)
2024-12-16 00:01:41 [DEBUG] com.zaxxer.hikari.pool.HikariPool - HikariPool-9 - Added connection net.sf.log4jdbc.sql.jdbcapi.ConnectionSpy@60e12e5e
2024-12-16 00:01:44 [DEBUG] com.zaxxer.hikari.pool.PoolBase - HikariPool-9 - Closing connection net.sf.log4jdbc.sql.jdbcapi.ConnectionSpy@14b734a3: (connection has passed maxLifetime)
2024-12-16 00:01:44 [DEBUG] com.zaxxer.hikari.pool.HikariPool - HikariPool-9 - Added connection net.sf.log4jdbc.sql.jdbcapi.ConnectionSpy@186cdd18
2024-12-16 00:01:46 [DEBUG] com.zaxxer.hikari.pool.PoolBase - HikariPool-9 - Closing connection net.sf.log4jdbc.sql.jdbcapi.ConnectionSpy@35a5c1d7: (connection has passed maxLifetime)
2024-12-16 00:01:46 [DEBUG] com.zaxxer.hikari.pool.HikariPool - HikariPool-9 - Added connection net.sf.log4jdbc.sql.jdbcapi.ConnectionSpy@24aab9bc
2024-12-16 00:01:50 [DEBUG] com.zaxxer.hikari.pool.HikariPool - HikariPool-9 - Pool stats (total=10, active=0, idle=10, waiting=0)
2024-12-16 00:01:50 [DEBUG] com.zaxxer.hikari.pool.HikariPool - HikariPool-9 - Fill pool skipped, pool has sufficient level or currently being filled (queueDepth=0).
2024-12-16 00:01:53 [DEBUG] com.zaxxer.hikari.pool.PoolBase - HikariPool-9 - Closing connection net.sf.log4jdbc.sql.jdbcapi.ConnectionSpy@3018b74a: (connection has passed maxLifetime)
2024-12-16 00:01:53 [DEBUG] com.zaxxer.hikari.pool.HikariPool - HikariPool-9 - Added connection net.sf.log4jdbc.sql.jdbcapi.ConnectionSpy@6963ff26
2024-12-16 00:01:58 [DEBUG] com.zaxxer.hikari.pool.PoolBase - HikariPool-9 - Closing connection net.sf.log4jdbc.sql.jdbcapi.ConnectionSpy@643ac1b0: (connection has passed maxLifetime)
2024-12-16 00:01:58 [DEBUG] com.zaxxer.hikari.pool.HikariPool - HikariPool-9 - Added connection net.sf.log4jdbc.sql.jdbcapi.ConnectionSpy@285ef51d
2024-12-16 00:02:02 [DEBUG] com.zaxxer.hikari.pool.PoolBase - HikariPool-9 - Closing connection net.sf.log4jdbc.sql.jdbcapi.ConnectionSpy@7498cbec: (connection has passed maxLifetime)
2024-12-16 00:02:02 [DEBUG] com.zaxxer.hikari.pool.HikariPool - HikariPool-9 - Added connection net.sf.log4jdbc.sql.jdbcapi.ConnectionSpy@19bc7cba
2024-12-16 00:02:08 [DEBUG] com.zaxxer.hikari.pool.PoolBase - HikariPool-9 - Closing connection net.sf.log4jdbc.sql.jdbcapi.ConnectionSpy@6a138ff8: (connection has passed maxLifetime)
2024-12-16 00:02:08 [DEBUG] com.zaxxer.hikari.pool.HikariPool - HikariPool-9 - Added connection net.sf.log4jdbc.sql.jdbcapi.ConnectionSpy@1d01e42b
2024-12-16 00:02:08 [DEBUG] com.zaxxer.hikari.pool.PoolBase - HikariPool-9 - Closing connection net.sf.log4jdbc.sql.jdbcapi.ConnectionSpy@10f94cb5: (connection has passed maxLifetime)
2024-12-16 00:02:08 [DEBUG] com.zaxxer.hikari.pool.HikariPool - HikariPool-9 - Added connection net.sf.log4jdbc.sql.jdbcapi.ConnectionSpy@5c3cee10
2024-12-16 00:02:17 [DEBUG] com.zaxxer.hikari.pool.PoolBase - HikariPool-9 - Closing connection net.sf.log4jdbc.sql.jdbcapi.ConnectionSpy@4526d8b8: (connection has passed maxLifetime)
2024-12-16 00:02:18 [DEBUG] com.zaxxer.hikari.pool.HikariPool - HikariPool-9 - Added connection net.sf.log4jdbc.sql.jdbcapi.ConnectionSpy@66ebee99
2024-12-16 00:02:20 [DEBUG] com.zaxxer.hikari.pool.HikariPool - HikariPool-9 - Pool stats (total=10, active=0, idle=10, waiting=0)
2024-12-16 00:02:20 [DEBUG] com.zaxxer.hikari.pool.HikariPool - HikariPool-9 - Fill pool skipped, pool has sufficient level or currently being filled (queueDepth=0).
2024-12-16 00:02:50 [DEBUG] com.zaxxer.hikari.pool.HikariPool - HikariPool-9 - Pool stats (total=10, active=0, idle=10, waiting=0)
2024-12-16 00:02:50 [DEBUG] com.zaxxer.hikari.pool.HikariPool - HikariPool-9 - Fill pool skipped, pool has sufficient level or currently being filled (queueDepth=0).
2024-12-16 00:03:20 [DEBUG] com.zaxxer.hikari.pool.HikariPool - HikariPool-9 - Pool stats (total=10, active=0, idle=10, waiting=0)
2024-12-16 00:03:20 [DEBUG] com.zaxxer.hikari.pool.HikariPool - HikariPool-9 - Fill pool skipped, pool has sufficient level or currently being filled (queueDepth=0).
2024-12-16 00:03:50 [DEBUG] com.zaxxer.hikari.pool.HikariPool - HikariPool-9 - Pool stats (total=10, active=0, idle=10, waiting=0)
2024-12-16 00:03:50 [DEBUG] com.zaxxer.hikari.pool.HikariPool - HikariPool-9 - Fill pool skipped, pool has sufficient level or currently being filled (queueDepth=0).
2024-12-16 00:04:20 [DEBUG] com.zaxxer.hikari.pool.HikariPool - HikariPool-9 - Pool stats (total=10, active=0, idle=10, waiting=0)
2024-12-16 00:04:20 [DEBUG] com.zaxxer.hikari.pool.HikariPool - HikariPool-9 - Fill pool skipped, pool has sufficient level or currently being filled (queueDepth=0).
2024-12-16 00:04:50 [DEBUG] com.zaxxer.hikari.pool.HikariPool - HikariPool-9 - Pool stats (total=10, active=0, idle=10, waiting=0)
2024-12-16 00:04:50 [DEBUG] com.zaxxer.hikari.pool.HikariPool - HikariPool-9 - Fill pool skipped, pool has sufficient level or currently being filled (queueDepth=0).
2024-12-16 00:05:20 [DEBUG] com.zaxxer.hikari.pool.HikariPool - HikariPool-9 - Pool stats (total=10, active=0, idle=10, waiting=0)
2024-12-16 00:05:20 [DEBUG] com.zaxxer.hikari.pool.HikariPool - HikariPool-9 - Fill pool skipped, pool has sufficient level or currently being filled (queueDepth=0).
2024-12-16 00:05:50 [DEBUG] com.zaxxer.hikari.pool.HikariPool - HikariPool-9 - Pool stats (total=10, active=0, idle=10, waiting=0)
2024-12-16 00:05:50 [DEBUG] com.zaxxer.hikari.pool.HikariPool - HikariPool-9 - Fill pool skipped, pool has sufficient level or currently being filled (queueDepth=0).
2024-12-16 00:05:50 [DEBUG] org.mybatis.spring.SqlSessionUtils - Creating a new SqlSession
2024-12-16 00:05:50 [DEBUG] org.mybatis.spring.SqlSessionUtils - SqlSession [org.apache.ibatis.session.defaults.DefaultSqlSession@763710cd] was not registered for synchronization because synchronization is not active
2024-12-16 00:05:50 [DEBUG] o.s.jdbc.datasource.DataSourceUtils - Fetching JDBC Connection from DataSource
2024-12-16 00:05:50 [DEBUG] o.m.s.t.SpringManagedTransaction - JDBC Connection [HikariProxyConnection@716319888 wrapping net.sf.log4jdbc.sql.jdbcapi.ConnectionSpy@68fd91b2] will not be managed by Spring
2024-12-16 00:05:50 [DEBUG] c.e.d.r.M.getMemberById - ==>  Preparing: SELECT * FROM `member` WHERE id = ?
2024-12-16 00:05:50 [DEBUG] c.e.d.r.M.getMemberById - ==> Parameters: 2(Integer)
2024-12-16 00:05:50 [DEBUG] jdbc.sqltiming -  com.zaxxer.hikari.pool.ProxyPreparedStatement.execute(ProxyPreparedStatement.java:44)
101. SELECT * FROM `member` WHERE id = 2
 {executed in 0 msec}
2024-12-16 00:05:50 [INFO ] jdbc.resultsettable - 
|---|--------------------|--------------------|--------|-----------------------------------------------------------------|----------|-------|---------|-------------|-----------------|----------|--------|
|id |regdate             |updatedate          |loginid |loginpw                                                          |authlevel |name   |nickname |cellphonenum |email            |delstatus |deldate |
|---|--------------------|--------------------|--------|-----------------------------------------------------------------|----------|-------|---------|-------------|-----------------|----------|--------|
|2  |2024-12-15 22:35:53 |2024-12-15 22:35:53 |test1   |1b4f0e9851971998e732078544c96b36c3d01cedf7caa332359d6f1d83567014 |3         |회원1_이름 |회원1_닉네임  |01043214321  |s3496h@gmail.com |false     |null    |
|---|--------------------|--------------------|--------|-----------------------------------------------------------------|----------|-------|---------|-------------|-----------------|----------|--------|

2024-12-16 00:05:50 [DEBUG] c.e.d.r.M.getMemberById - <==      Total: 1
2024-12-16 00:05:50 [DEBUG] org.mybatis.spring.SqlSessionUtils - Closing non transactional SqlSession [org.apache.ibatis.session.defaults.DefaultSqlSession@763710cd]
2024-12-16 00:05:50 [DEBUG] org.mybatis.spring.SqlSessionUtils - Creating a new SqlSession
2024-12-16 00:05:50 [DEBUG] org.mybatis.spring.SqlSessionUtils - SqlSession [org.apache.ibatis.session.defaults.DefaultSqlSession@1012b7ef] was not registered for synchronization because synchronization is not active
2024-12-16 00:05:50 [DEBUG] o.s.jdbc.datasource.DataSourceUtils - Fetching JDBC Connection from DataSource
2024-12-16 00:05:50 [DEBUG] o.m.s.t.SpringManagedTransaction - JDBC Connection [HikariProxyConnection@689684661 wrapping net.sf.log4jdbc.sql.jdbcapi.ConnectionSpy@68fd91b2] will not be managed by Spring
2024-12-16 00:05:50 [DEBUG] c.e.d.r.P.findByCategory - ==>  Preparing: SELECT * FROM product WHERE category = ? ORDER BY id ASC
2024-12-16 00:05:50 [DEBUG] c.e.d.r.P.findByCategory - ==> Parameters: men(String)
2024-12-16 00:05:50 [DEBUG] jdbc.sqltiming -  com.zaxxer.hikari.pool.ProxyPreparedStatement.execute(ProxyPreparedStatement.java:44)
101. SELECT *
FROM product
WHERE category = 'men'
ORDER BY id ASC
 {executed in 0 msec}
2024-12-16 00:05:50 [INFO ] jdbc.resultsettable - 
|---|----------|------|------|----------------------|--------------------|--------------------|---------|
|id |name      |price |stock |description           |regdate             |updatedate          |category |
|---|----------|------|------|----------------------|--------------------|--------------------|---------|
|1  |남성 캐주얼 셔츠 |29900 |100   |남성을 위한 스타일리시한 캐주얼 셔츠. |2024-12-15T22:35:53 |2024-12-15T22:35:53 |men      |
|---|----------|------|------|----------------------|--------------------|--------------------|---------|

2024-12-16 00:05:50 [DEBUG] c.e.d.r.P.findByCategory - <==      Total: 1
2024-12-16 00:05:50 [DEBUG] org.mybatis.spring.SqlSessionUtils - Closing non transactional SqlSession [org.apache.ibatis.session.defaults.DefaultSqlSession@1012b7ef]
2024-12-16 00:05:50 [DEBUG] org.mybatis.spring.SqlSessionUtils - Creating a new SqlSession
2024-12-16 00:05:50 [DEBUG] org.mybatis.spring.SqlSessionUtils - SqlSession [org.apache.ibatis.session.defaults.DefaultSqlSession@53577dbe] was not registered for synchronization because synchronization is not active
2024-12-16 00:05:50 [DEBUG] o.s.jdbc.datasource.DataSourceUtils - Fetching JDBC Connection from DataSource
2024-12-16 00:05:50 [DEBUG] o.m.s.t.SpringManagedTransaction - JDBC Connection [HikariProxyConnection@391405706 wrapping net.sf.log4jdbc.sql.jdbcapi.ConnectionSpy@68fd91b2] will not be managed by Spring
2024-12-16 00:05:50 [DEBUG] c.e.d.r.M.getMemberById - ==>  Preparing: SELECT * FROM `member` WHERE id = ?
2024-12-16 00:05:50 [DEBUG] c.e.d.r.M.getMemberById - ==> Parameters: 2(Integer)
2024-12-16 00:05:50 [DEBUG] jdbc.sqltiming -  com.zaxxer.hikari.pool.ProxyPreparedStatement.execute(ProxyPreparedStatement.java:44)
101. SELECT * FROM `member` WHERE id = 2
 {executed in 3 msec}
2024-12-16 00:05:50 [INFO ] jdbc.resultsettable - 
|---|--------------------|--------------------|--------|-----------------------------------------------------------------|----------|-------|---------|-------------|-----------------|----------|--------|
|id |regdate             |updatedate          |loginid |loginpw                                                          |authlevel |name   |nickname |cellphonenum |email            |delstatus |deldate |
|---|--------------------|--------------------|--------|-----------------------------------------------------------------|----------|-------|---------|-------------|-----------------|----------|--------|
|2  |2024-12-15 22:35:53 |2024-12-15 22:35:53 |test1   |1b4f0e9851971998e732078544c96b36c3d01cedf7caa332359d6f1d83567014 |3         |회원1_이름 |회원1_닉네임  |01043214321  |s3496h@gmail.com |false     |null    |
|---|--------------------|--------------------|--------|-----------------------------------------------------------------|----------|-------|---------|-------------|-----------------|----------|--------|

2024-12-16 00:05:50 [DEBUG] c.e.d.r.M.getMemberById - <==      Total: 1
2024-12-16 00:05:50 [DEBUG] org.mybatis.spring.SqlSessionUtils - Closing non transactional SqlSession [org.apache.ibatis.session.defaults.DefaultSqlSession@53577dbe]
2024-12-16 00:05:52 [DEBUG] org.mybatis.spring.SqlSessionUtils - Creating a new SqlSession
2024-12-16 00:05:52 [DEBUG] org.mybatis.spring.SqlSessionUtils - SqlSession [org.apache.ibatis.session.defaults.DefaultSqlSession@e323d5c] was not registered for synchronization because synchronization is not active
2024-12-16 00:05:52 [DEBUG] o.s.jdbc.datasource.DataSourceUtils - Fetching JDBC Connection from DataSource
2024-12-16 00:05:52 [DEBUG] o.m.s.t.SpringManagedTransaction - JDBC Connection [HikariProxyConnection@1198563380 wrapping net.sf.log4jdbc.sql.jdbcapi.ConnectionSpy@68fd91b2] will not be managed by Spring
2024-12-16 00:05:52 [DEBUG] c.e.d.r.M.getMemberById - ==>  Preparing: SELECT * FROM `member` WHERE id = ?
2024-12-16 00:05:52 [DEBUG] c.e.d.r.M.getMemberById - ==> Parameters: 2(Integer)
2024-12-16 00:05:52 [DEBUG] jdbc.sqltiming -  com.zaxxer.hikari.pool.ProxyPreparedStatement.execute(ProxyPreparedStatement.java:44)
101. SELECT * FROM `member` WHERE id = 2
 {executed in 0 msec}
2024-12-16 00:05:52 [INFO ] jdbc.resultsettable - 
|---|--------------------|--------------------|--------|-----------------------------------------------------------------|----------|-------|---------|-------------|-----------------|----------|--------|
|id |regdate             |updatedate          |loginid |loginpw                                                          |authlevel |name   |nickname |cellphonenum |email            |delstatus |deldate |
|---|--------------------|--------------------|--------|-----------------------------------------------------------------|----------|-------|---------|-------------|-----------------|----------|--------|
|2  |2024-12-15 22:35:53 |2024-12-15 22:35:53 |test1   |1b4f0e9851971998e732078544c96b36c3d01cedf7caa332359d6f1d83567014 |3         |회원1_이름 |회원1_닉네임  |01043214321  |s3496h@gmail.com |false     |null    |
|---|--------------------|--------------------|--------|-----------------------------------------------------------------|----------|-------|---------|-------------|-----------------|----------|--------|

2024-12-16 00:05:52 [DEBUG] c.e.d.r.M.getMemberById - <==      Total: 1
2024-12-16 00:05:52 [DEBUG] org.mybatis.spring.SqlSessionUtils - Closing non transactional SqlSession [org.apache.ibatis.session.defaults.DefaultSqlSession@e323d5c]
2024-12-16 00:05:52 [DEBUG] org.mybatis.spring.SqlSessionUtils - Creating a new SqlSession
2024-12-16 00:05:52 [DEBUG] org.mybatis.spring.SqlSessionUtils - SqlSession [org.apache.ibatis.session.defaults.DefaultSqlSession@1644e517] was not registered for synchronization because synchronization is not active
2024-12-16 00:05:52 [DEBUG] o.s.jdbc.datasource.DataSourceUtils - Fetching JDBC Connection from DataSource
2024-12-16 00:05:52 [DEBUG] o.m.s.t.SpringManagedTransaction - JDBC Connection [HikariProxyConnection@542443782 wrapping net.sf.log4jdbc.sql.jdbcapi.ConnectionSpy@68fd91b2] will not be managed by Spring
2024-12-16 00:05:52 [DEBUG] c.e.d.r.P.getProductById - ==>  Preparing: SELECT * FROM product WHERE id = ?
2024-12-16 00:05:52 [DEBUG] c.e.d.r.P.getProductById - ==> Parameters: 1(Integer)
2024-12-16 00:05:52 [DEBUG] jdbc.sqltiming -  com.zaxxer.hikari.pool.ProxyPreparedStatement.execute(ProxyPreparedStatement.java:44)
101. SELECT *
FROM product
WHERE id = 1
 {executed in 1 msec}
2024-12-16 00:05:52 [INFO ] jdbc.resultsettable - 
|---|----------|------|------|----------------------|--------------------|--------------------|---------|
|id |name      |price |stock |description           |regdate             |updatedate          |category |
|---|----------|------|------|----------------------|--------------------|--------------------|---------|
|1  |남성 캐주얼 셔츠 |29900 |100   |남성을 위한 스타일리시한 캐주얼 셔츠. |2024-12-15T22:35:53 |2024-12-15T22:35:53 |men      |
|---|----------|------|------|----------------------|--------------------|--------------------|---------|

2024-12-16 00:05:52 [DEBUG] c.e.d.r.P.getProductById - <==      Total: 1
2024-12-16 00:05:52 [DEBUG] org.mybatis.spring.SqlSessionUtils - Closing non transactional SqlSession [org.apache.ibatis.session.defaults.DefaultSqlSession@1644e517]
2024-12-16 00:05:52 [DEBUG] org.mybatis.spring.SqlSessionUtils - Creating a new SqlSession
2024-12-16 00:05:52 [DEBUG] org.mybatis.spring.SqlSessionUtils - SqlSession [org.apache.ibatis.session.defaults.DefaultSqlSession@2bc785aa] was not registered for synchronization because synchronization is not active
2024-12-16 00:05:52 [DEBUG] o.s.jdbc.datasource.DataSourceUtils - Fetching JDBC Connection from DataSource
2024-12-16 00:05:52 [DEBUG] o.m.s.t.SpringManagedTransaction - JDBC Connection [HikariProxyConnection@1928859443 wrapping net.sf.log4jdbc.sql.jdbcapi.ConnectionSpy@68fd91b2] will not be managed by Spring
2024-12-16 00:05:52 [DEBUG] c.e.d.r.P.getProductDescriptionById - ==>  Preparing: SELECT DESCRIPTION FROM product_details WHERE productId = ?
2024-12-16 00:05:52 [DEBUG] c.e.d.r.P.getProductDescriptionById - ==> Parameters: 1(Integer)
2024-12-16 00:05:52 [DEBUG] jdbc.sqltiming -  com.zaxxer.hikari.pool.ProxyPreparedStatement.execute(ProxyPreparedStatement.java:44)
101. SELECT DESCRIPTION
FROM product_details
WHERE productId = 1
 {executed in 0 msec}
2024-12-16 00:05:52 [INFO ] jdbc.resultsettable - 
|------------|
|description |
|------------|
|------------|

2024-12-16 00:05:52 [DEBUG] c.e.d.r.P.getProductDescriptionById - <==      Total: 0
2024-12-16 00:05:52 [DEBUG] org.mybatis.spring.SqlSessionUtils - Closing non transactional SqlSession [org.apache.ibatis.session.defaults.DefaultSqlSession@2bc785aa]
2024-12-16 00:05:52 [DEBUG] org.mybatis.spring.SqlSessionUtils - Creating a new SqlSession
2024-12-16 00:05:52 [DEBUG] org.mybatis.spring.SqlSessionUtils - SqlSession [org.apache.ibatis.session.defaults.DefaultSqlSession@639c68e4] was not registered for synchronization because synchronization is not active
2024-12-16 00:05:52 [DEBUG] o.s.jdbc.datasource.DataSourceUtils - Fetching JDBC Connection from DataSource
2024-12-16 00:05:52 [DEBUG] o.m.s.t.SpringManagedTransaction - JDBC Connection [HikariProxyConnection@1260684752 wrapping net.sf.log4jdbc.sql.jdbcapi.ConnectionSpy@68fd91b2] will not be managed by Spring
2024-12-16 00:05:52 [DEBUG] c.e.d.r.P.getProductSizes - ==>  Preparing: SELECT size FROM product_sizes WHERE productId = ?
2024-12-16 00:05:52 [DEBUG] c.e.d.r.P.getProductSizes - ==> Parameters: 1(Integer)
2024-12-16 00:05:52 [DEBUG] jdbc.sqltiming -  com.zaxxer.hikari.pool.ProxyPreparedStatement.execute(ProxyPreparedStatement.java:44)
101. SELECT size
FROM product_sizes
WHERE productId = 1
 {executed in 1 msec}
2024-12-16 00:05:52 [INFO ] jdbc.resultsettable - 
|-----|
|size |
|-----|
|S    |
|M    |
|L    |
|XL   |
|-----|

2024-12-16 00:05:52 [DEBUG] c.e.d.r.P.getProductSizes - <==      Total: 4
2024-12-16 00:05:52 [DEBUG] org.mybatis.spring.SqlSessionUtils - Closing non transactional SqlSession [org.apache.ibatis.session.defaults.DefaultSqlSession@639c68e4]
2024-12-16 00:05:52 [DEBUG] org.mybatis.spring.SqlSessionUtils - Creating a new SqlSession
2024-12-16 00:05:52 [DEBUG] org.mybatis.spring.SqlSessionUtils - SqlSession [org.apache.ibatis.session.defaults.DefaultSqlSession@7b00e6f1] was not registered for synchronization because synchronization is not active
2024-12-16 00:05:52 [DEBUG] o.s.jdbc.datasource.DataSourceUtils - Fetching JDBC Connection from DataSource
2024-12-16 00:05:52 [DEBUG] o.m.s.t.SpringManagedTransaction - JDBC Connection [HikariProxyConnection@1575312542 wrapping net.sf.log4jdbc.sql.jdbcapi.ConnectionSpy@68fd91b2] will not be managed by Spring
2024-12-16 00:05:52 [DEBUG] c.e.d.r.P.getProductColors - ==>  Preparing: SELECT color FROM product_colors WHERE productId = ?
2024-12-16 00:05:52 [DEBUG] c.e.d.r.P.getProductColors - ==> Parameters: 1(Integer)
2024-12-16 00:05:52 [DEBUG] jdbc.sqltiming -  com.zaxxer.hikari.pool.ProxyPreparedStatement.execute(ProxyPreparedStatement.java:44)
101. SELECT color
FROM product_colors
WHERE productId = 1
 {executed in 3 msec}
2024-12-16 00:05:52 [INFO ] jdbc.resultsettable - 
|------|
|color |
|------|
|Blue  |
|Red   |
|------|

2024-12-16 00:05:52 [DEBUG] c.e.d.r.P.getProductColors - <==      Total: 2
2024-12-16 00:05:52 [DEBUG] org.mybatis.spring.SqlSessionUtils - Closing non transactional SqlSession [org.apache.ibatis.session.defaults.DefaultSqlSession@7b00e6f1]
2024-12-16 00:05:52 [DEBUG] org.mybatis.spring.SqlSessionUtils - Creating a new SqlSession
2024-12-16 00:05:52 [DEBUG] org.mybatis.spring.SqlSessionUtils - SqlSession [org.apache.ibatis.session.defaults.DefaultSqlSession@756eff31] was not registered for synchronization because synchronization is not active
2024-12-16 00:05:52 [DEBUG] o.s.jdbc.datasource.DataSourceUtils - Fetching JDBC Connection from DataSource
2024-12-16 00:05:52 [DEBUG] o.m.s.t.SpringManagedTransaction - JDBC Connection [HikariProxyConnection@1306296602 wrapping net.sf.log4jdbc.sql.jdbcapi.ConnectionSpy@68fd91b2] will not be managed by Spring
2024-12-16 00:05:52 [DEBUG] c.e.d.r.P.getProductReviews - ==>  Preparing: SELECT * FROM product_reviews WHERE productId = ? ORDER BY regDate DESC
2024-12-16 00:05:52 [DEBUG] c.e.d.r.P.getProductReviews - ==> Parameters: 1(Integer)
2024-12-16 00:05:52 [DEBUG] jdbc.sqltiming -  com.zaxxer.hikari.pool.ProxyPreparedStatement.execute(ProxyPreparedStatement.java:44)
101. SELECT *
FROM product_reviews
WHERE productId = 1
ORDER BY regDate DESC
 {executed in 1 msec}
2024-12-16 00:05:52 [INFO ] jdbc.resultsettable - 
|---|---------|----------|--------|-------|--------------------|
|id |memberid |productid |content |rating |regdate             |
|---|---------|----------|--------|-------|--------------------|
|1  |2        |1         |셔츠가 예뻐요 |4      |2024-12-15 23:37:47 |
|---|---------|----------|--------|-------|--------------------|

2024-12-16 00:05:52 [DEBUG] c.e.d.r.P.getProductReviews - <==      Total: 1
2024-12-16 00:05:52 [DEBUG] org.mybatis.spring.SqlSessionUtils - Closing non transactional SqlSession [org.apache.ibatis.session.defaults.DefaultSqlSession@756eff31]
2024-12-16 00:05:52 [DEBUG] org.mybatis.spring.SqlSessionUtils - Creating a new SqlSession
2024-12-16 00:05:52 [DEBUG] org.mybatis.spring.SqlSessionUtils - SqlSession [org.apache.ibatis.session.defaults.DefaultSqlSession@45b6202e] was not registered for synchronization because synchronization is not active
2024-12-16 00:05:52 [DEBUG] o.s.jdbc.datasource.DataSourceUtils - Fetching JDBC Connection from DataSource
2024-12-16 00:05:52 [DEBUG] o.m.s.t.SpringManagedTransaction - JDBC Connection [HikariProxyConnection@451660874 wrapping net.sf.log4jdbc.sql.jdbcapi.ConnectionSpy@68fd91b2] will not be managed by Spring
2024-12-16 00:05:52 [DEBUG] c.e.d.r.R.getForPrintProductReviews - ==>  Preparing: SELECT R.*, M.nickname AS extra__writer FROM product_reviews AS R INNER JOIN member AS M ON R.memberId = M.id WHERE R.productId = ? ORDER BY R.id ASC LIMIT ?, ?
2024-12-16 00:05:52 [DEBUG] c.e.d.r.R.getForPrintProductReviews - ==> Parameters: 1(Integer), 0(Integer), 5(Integer)
2024-12-16 00:05:52 [DEBUG] jdbc.sqltiming -  com.zaxxer.hikari.pool.ProxyPreparedStatement.execute(ProxyPreparedStatement.java:44)
101. SELECT R.*, M.nickname AS extra__writer
FROM product_reviews AS R
INNER JOIN member AS M ON R.memberId = M.id
WHERE R.productId = 1
ORDER BY R.id ASC
LIMIT 0, 5
 {executed in 1 msec}
2024-12-16 00:05:52 [INFO ] jdbc.resultsettable - 
|---|---------|----------|--------|-------|--------------------|---------|
|id |memberid |productid |content |rating |regdate             |nickname |
|---|---------|----------|--------|-------|--------------------|---------|
|1  |2        |1         |셔츠가 예뻐요 |4      |2024-12-15 23:37:47 |회원1_닉네임  |
|---|---------|----------|--------|-------|--------------------|---------|

2024-12-16 00:05:52 [DEBUG] c.e.d.r.R.getForPrintProductReviews - <==      Total: 1
2024-12-16 00:05:52 [DEBUG] org.mybatis.spring.SqlSessionUtils - Closing non transactional SqlSession [org.apache.ibatis.session.defaults.DefaultSqlSession@45b6202e]
2024-12-16 00:05:52 [DEBUG] org.mybatis.spring.SqlSessionUtils - Creating a new SqlSession
2024-12-16 00:05:52 [DEBUG] org.mybatis.spring.SqlSessionUtils - SqlSession [org.apache.ibatis.session.defaults.DefaultSqlSession@6862fa23] was not registered for synchronization because synchronization is not active
2024-12-16 00:05:52 [DEBUG] o.s.jdbc.datasource.DataSourceUtils - Fetching JDBC Connection from DataSource
2024-12-16 00:05:52 [DEBUG] o.m.s.t.SpringManagedTransaction - JDBC Connection [HikariProxyConnection@126790509 wrapping net.sf.log4jdbc.sql.jdbcapi.ConnectionSpy@68fd91b2] will not be managed by Spring
2024-12-16 00:05:52 [DEBUG] c.e.d.r.R.getTotalReviewCountByProductId - ==>  Preparing: SELECT COUNT(*) FROM product_reviews WHERE productId = ?
2024-12-16 00:05:52 [DEBUG] c.e.d.r.R.getTotalReviewCountByProductId - ==> Parameters: 1(Integer)
2024-12-16 00:05:52 [DEBUG] jdbc.sqltiming -  com.zaxxer.hikari.pool.ProxyPreparedStatement.execute(ProxyPreparedStatement.java:44)
101. SELECT COUNT(*) FROM product_reviews WHERE productId = 1
 {executed in 1 msec}
2024-12-16 00:05:52 [INFO ] jdbc.resultsettable - 
|---------|
|count(*) |
|---------|
|1        |
|---------|

2024-12-16 00:05:52 [DEBUG] c.e.d.r.R.getTotalReviewCountByProductId - <==      Total: 1
2024-12-16 00:05:52 [DEBUG] org.mybatis.spring.SqlSessionUtils - Closing non transactional SqlSession [org.apache.ibatis.session.defaults.DefaultSqlSession@6862fa23]
2024-12-16 00:05:52 [DEBUG] org.mybatis.spring.SqlSessionUtils - Creating a new SqlSession
2024-12-16 00:05:52 [DEBUG] org.mybatis.spring.SqlSessionUtils - SqlSession [org.apache.ibatis.session.defaults.DefaultSqlSession@e92dc61] was not registered for synchronization because synchronization is not active
2024-12-16 00:05:52 [DEBUG] o.s.jdbc.datasource.DataSourceUtils - Fetching JDBC Connection from DataSource
2024-12-16 00:05:52 [DEBUG] o.m.s.t.SpringManagedTransaction - JDBC Connection [HikariProxyConnection@1268751268 wrapping net.sf.log4jdbc.sql.jdbcapi.ConnectionSpy@68fd91b2] will not be managed by Spring
2024-12-16 00:05:52 [DEBUG] c.e.d.r.M.getMemberById - ==>  Preparing: SELECT * FROM `member` WHERE id = ?
2024-12-16 00:05:52 [DEBUG] c.e.d.r.M.getMemberById - ==> Parameters: 2(Integer)
2024-12-16 00:05:52 [DEBUG] jdbc.sqltiming -  com.zaxxer.hikari.pool.ProxyPreparedStatement.execute(ProxyPreparedStatement.java:44)
101. SELECT * FROM `member` WHERE id = 2
 {executed in 5 msec}
2024-12-16 00:05:52 [INFO ] jdbc.resultsettable - 
|---|--------------------|--------------------|--------|-----------------------------------------------------------------|----------|-------|---------|-------------|-----------------|----------|--------|
|id |regdate             |updatedate          |loginid |loginpw                                                          |authlevel |name   |nickname |cellphonenum |email            |delstatus |deldate |
|---|--------------------|--------------------|--------|-----------------------------------------------------------------|----------|-------|---------|-------------|-----------------|----------|--------|
|2  |2024-12-15 22:35:53 |2024-12-15 22:35:53 |test1   |1b4f0e9851971998e732078544c96b36c3d01cedf7caa332359d6f1d83567014 |3         |회원1_이름 |회원1_닉네임  |01043214321  |s3496h@gmail.com |false     |null    |
|---|--------------------|--------------------|--------|-----------------------------------------------------------------|----------|-------|---------|-------------|-----------------|----------|--------|

2024-12-16 00:05:52 [DEBUG] c.e.d.r.M.getMemberById - <==      Total: 1
2024-12-16 00:05:52 [DEBUG] org.mybatis.spring.SqlSessionUtils - Closing non transactional SqlSession [org.apache.ibatis.session.defaults.DefaultSqlSession@e92dc61]
2024-12-16 00:06:20 [DEBUG] com.zaxxer.hikari.pool.HikariPool - HikariPool-9 - Pool stats (total=10, active=0, idle=10, waiting=0)
2024-12-16 00:06:20 [DEBUG] com.zaxxer.hikari.pool.HikariPool - HikariPool-9 - Fill pool skipped, pool has sufficient level or currently being filled (queueDepth=0).
2024-12-16 00:06:36 [DEBUG] org.mybatis.spring.SqlSessionUtils - Creating a new SqlSession
2024-12-16 00:06:36 [DEBUG] org.mybatis.spring.SqlSessionUtils - SqlSession [org.apache.ibatis.session.defaults.DefaultSqlSession@45d623c0] was not registered for synchronization because synchronization is not active
2024-12-16 00:06:36 [DEBUG] o.s.jdbc.datasource.DataSourceUtils - Fetching JDBC Connection from DataSource
2024-12-16 00:06:36 [DEBUG] o.m.s.t.SpringManagedTransaction - JDBC Connection [HikariProxyConnection@1107276991 wrapping net.sf.log4jdbc.sql.jdbcapi.ConnectionSpy@68fd91b2] will not be managed by Spring
2024-12-16 00:06:36 [DEBUG] c.e.d.r.M.getMemberById - ==>  Preparing: SELECT * FROM `member` WHERE id = ?
2024-12-16 00:06:36 [DEBUG] c.e.d.r.M.getMemberById - ==> Parameters: 2(Integer)
2024-12-16 00:06:36 [DEBUG] jdbc.sqltiming -  com.zaxxer.hikari.pool.ProxyPreparedStatement.execute(ProxyPreparedStatement.java:44)
101. SELECT * FROM `member` WHERE id = 2
 {executed in 0 msec}
2024-12-16 00:06:36 [INFO ] jdbc.resultsettable - 
|---|--------------------|--------------------|--------|-----------------------------------------------------------------|----------|-------|---------|-------------|-----------------|----------|--------|
|id |regdate             |updatedate          |loginid |loginpw                                                          |authlevel |name   |nickname |cellphonenum |email            |delstatus |deldate |
|---|--------------------|--------------------|--------|-----------------------------------------------------------------|----------|-------|---------|-------------|-----------------|----------|--------|
|2  |2024-12-15 22:35:53 |2024-12-15 22:35:53 |test1   |1b4f0e9851971998e732078544c96b36c3d01cedf7caa332359d6f1d83567014 |3         |회원1_이름 |회원1_닉네임  |01043214321  |s3496h@gmail.com |false     |null    |
|---|--------------------|--------------------|--------|-----------------------------------------------------------------|----------|-------|---------|-------------|-----------------|----------|--------|

2024-12-16 00:06:36 [DEBUG] c.e.d.r.M.getMemberById - <==      Total: 1
2024-12-16 00:06:36 [DEBUG] org.mybatis.spring.SqlSessionUtils - Closing non transactional SqlSession [org.apache.ibatis.session.defaults.DefaultSqlSession@45d623c0]
2024-12-16 00:06:36 [DEBUG] org.mybatis.spring.SqlSessionUtils - Creating a new SqlSession
2024-12-16 00:06:36 [DEBUG] org.mybatis.spring.SqlSessionUtils - SqlSession [org.apache.ibatis.session.defaults.DefaultSqlSession@55944855] was not registered for synchronization because synchronization is not active
2024-12-16 00:06:36 [DEBUG] o.s.jdbc.datasource.DataSourceUtils - Fetching JDBC Connection from DataSource
2024-12-16 00:06:36 [DEBUG] o.m.s.t.SpringManagedTransaction - JDBC Connection [HikariProxyConnection@1694682484 wrapping net.sf.log4jdbc.sql.jdbcapi.ConnectionSpy@68fd91b2] will not be managed by Spring
2024-12-16 00:06:36 [DEBUG] c.e.d.r.BoardRepository.getBoardById - ==>  Preparing: SELECT * FROM board WHERE id = ? AND delStatus = 0
2024-12-16 00:06:36 [DEBUG] c.e.d.r.BoardRepository.getBoardById - ==> Parameters: 1(Integer)
2024-12-16 00:06:36 [DEBUG] jdbc.sqltiming -  com.zaxxer.hikari.pool.ProxyPreparedStatement.execute(ProxyPreparedStatement.java:44)
101. SELECT *
FROM board
WHERE id = 1
AND delStatus = 0
 {executed in 2 msec}
2024-12-16 00:06:36 [INFO ] jdbc.resultsettable - 
|---|--------------------|--------------------|-------|-----|----------|--------|
|id |regdate             |updatedate          |code   |name |delstatus |deldate |
|---|--------------------|--------------------|-------|-----|----------|--------|
|1  |2024-12-15 22:35:53 |2024-12-15 22:35:53 |NOTICE |공지사항 |false     |null    |
|---|--------------------|--------------------|-------|-----|----------|--------|

2024-12-16 00:06:36 [DEBUG] c.e.d.r.BoardRepository.getBoardById - <==      Total: 1
2024-12-16 00:06:36 [DEBUG] org.mybatis.spring.SqlSessionUtils - Closing non transactional SqlSession [org.apache.ibatis.session.defaults.DefaultSqlSession@55944855]
2024-12-16 00:06:36 [DEBUG] org.mybatis.spring.SqlSessionUtils - Creating a new SqlSession
2024-12-16 00:06:36 [DEBUG] org.mybatis.spring.SqlSessionUtils - SqlSession [org.apache.ibatis.session.defaults.DefaultSqlSession@206ee167] was not registered for synchronization because synchronization is not active
2024-12-16 00:06:36 [DEBUG] o.s.jdbc.datasource.DataSourceUtils - Fetching JDBC Connection from DataSource
2024-12-16 00:06:36 [DEBUG] o.m.s.t.SpringManagedTransaction - JDBC Connection [HikariProxyConnection@379585200 wrapping net.sf.log4jdbc.sql.jdbcapi.ConnectionSpy@68fd91b2] will not be managed by Spring
2024-12-16 00:06:36 [DEBUG] c.e.d.r.A.getArticleCount - ==>  Preparing: SELECT COUNT(*), A.*, M.nickname AS extra__writer FROM article AS A INNER JOIN `member` AS M ON A.memberId = M.id WHERE 1 AND A.boardId = ? ORDER BY A.id DESC;
2024-12-16 00:06:36 [DEBUG] c.e.d.r.A.getArticleCount - ==> Parameters: 1(Integer)
2024-12-16 00:06:36 [DEBUG] jdbc.sqltiming -  com.zaxxer.hikari.pool.ProxyPreparedStatement.execute(ProxyPreparedStatement.java:44)
101. SELECT COUNT(*), A.*, M.nickname AS extra__writer
	FROM article AS A
	INNER JOIN `member` AS M
	ON A.memberId = M.id
	WHERE 1

		AND A.boardId = 1

	ORDER BY A.id DESC;
 {executed in 1 msec}
2024-12-16 00:06:36 [INFO ] jdbc.resultsettable - 
|---------|---|--------------------|--------------------|---------|--------|------|-----|---------|------------------|-----------------|---------|
|count(*) |id |regdate             |updatedate          |memberid |boardid |title |body |hitcount |goodreactionpoint |badreactionpoint |nickname |
|---------|---|--------------------|--------------------|---------|--------|------|-----|---------|------------------|-----------------|---------|
|3        |1  |2024-12-15T22:35:53 |2024-12-15T22:35:53 |2        |1       |제목1   |내용1  |0        |1                 |2                |회원1_닉네임  |
|---------|---|--------------------|--------------------|---------|--------|------|-----|---------|------------------|-----------------|---------|

2024-12-16 00:06:36 [DEBUG] c.e.d.r.A.getArticleCount - <==      Total: 1
2024-12-16 00:06:36 [DEBUG] org.mybatis.spring.SqlSessionUtils - Closing non transactional SqlSession [org.apache.ibatis.session.defaults.DefaultSqlSession@206ee167]
2024-12-16 00:06:36 [DEBUG] org.mybatis.spring.SqlSessionUtils - Creating a new SqlSession
2024-12-16 00:06:36 [DEBUG] org.mybatis.spring.SqlSessionUtils - SqlSession [org.apache.ibatis.session.defaults.DefaultSqlSession@6cce22f7] was not registered for synchronization because synchronization is not active
2024-12-16 00:06:36 [DEBUG] o.s.jdbc.datasource.DataSourceUtils - Fetching JDBC Connection from DataSource
2024-12-16 00:06:36 [DEBUG] o.m.s.t.SpringManagedTransaction - JDBC Connection [HikariProxyConnection@1237583295 wrapping net.sf.log4jdbc.sql.jdbcapi.ConnectionSpy@68fd91b2] will not be managed by Spring
2024-12-16 00:06:36 [DEBUG] c.e.d.r.A.getForPrintArticles - ==>  Preparing: SELECT A.*, M.nickname AS extra__writer, IFNULL(COUNT(R.id),0) AS extra__repliesCount FROM article AS A INNER JOIN `member` AS M ON A.memberId = M.id LEFT JOIN `reply` AS R ON A.id = R.relId WHERE 1 AND boardId = ? GROUP BY A.id ORDER BY A.id DESC LIMIT ?, ?
2024-12-16 00:06:36 [DEBUG] c.e.d.r.A.getForPrintArticles - ==> Parameters: 1(Integer), 0(Integer), 10(Integer)
2024-12-16 00:06:36 [DEBUG] jdbc.sqltiming -  com.zaxxer.hikari.pool.ProxyPreparedStatement.execute(ProxyPreparedStatement.java:44)
101. SELECT A.*, M.nickname AS extra__writer, IFNULL(COUNT(R.id),0) AS extra__repliesCount
	FROM article AS A
	INNER JOIN `member` AS M
	ON A.memberId = M.id
	LEFT JOIN `reply` AS R
	ON A.id = R.relId
	WHERE 1

		AND boardId = 1

	GROUP BY A.id
	ORDER BY A.id DESC

		LIMIT 0, 10
 {executed in 4 msec}
2024-12-16 00:06:36 [INFO ] jdbc.resultsettable - 
|---|--------------------|--------------------|---------|--------|-----------------------|-----------------------|---------|------------------|-----------------|---------|--------------------|
|id |regdate             |updatedate          |memberid |boardid |title                  |body                   |hitcount |goodreactionpoint |badreactionpoint |nickname |extra__repliescount |
|---|--------------------|--------------------|---------|--------|-----------------------|-----------------------|---------|------------------|-----------------|---------|--------------------|
|7  |2024-12-15 22:35:53 |2024-12-15 22:35:53 |3        |1       |제목__0.5332865142573477 |내용__0.7900409473013514 |0        |0                 |0                |회원2_닉네임  |0                   |
|2  |2024-12-15 22:35:53 |2024-12-15 22:35:53 |2        |1       |제목2                    |내용2                    |0        |1                 |1                |회원1_닉네임  |1                   |
|1  |2024-12-15 22:35:53 |2024-12-15 22:35:53 |2        |1       |제목1                    |내용1                    |0        |1                 |2                |회원1_닉네임  |3                   |
|---|--------------------|--------------------|---------|--------|-----------------------|-----------------------|---------|------------------|-----------------|---------|--------------------|

2024-12-16 00:06:36 [DEBUG] c.e.d.r.A.getForPrintArticles - <==      Total: 3
2024-12-16 00:06:36 [DEBUG] org.mybatis.spring.SqlSessionUtils - Closing non transactional SqlSession [org.apache.ibatis.session.defaults.DefaultSqlSession@6cce22f7]
2024-12-16 00:06:41 [DEBUG] org.mybatis.spring.SqlSessionUtils - Creating a new SqlSession
2024-12-16 00:06:41 [DEBUG] org.mybatis.spring.SqlSessionUtils - SqlSession [org.apache.ibatis.session.defaults.DefaultSqlSession@5ecf5cfe] was not registered for synchronization because synchronization is not active
2024-12-16 00:06:41 [DEBUG] o.s.jdbc.datasource.DataSourceUtils - Fetching JDBC Connection from DataSource
2024-12-16 00:06:41 [DEBUG] o.m.s.t.SpringManagedTransaction - JDBC Connection [HikariProxyConnection@16446015 wrapping net.sf.log4jdbc.sql.jdbcapi.ConnectionSpy@68fd91b2] will not be managed by Spring
2024-12-16 00:06:41 [DEBUG] c.e.d.r.M.getMemberById - ==>  Preparing: SELECT * FROM `member` WHERE id = ?
2024-12-16 00:06:41 [DEBUG] c.e.d.r.M.getMemberById - ==> Parameters: 2(Integer)
2024-12-16 00:06:41 [DEBUG] jdbc.sqltiming -  com.zaxxer.hikari.pool.ProxyPreparedStatement.execute(ProxyPreparedStatement.java:44)
101. SELECT * FROM `member` WHERE id = 2
 {executed in 0 msec}
2024-12-16 00:06:41 [INFO ] jdbc.resultsettable - 
|---|--------------------|--------------------|--------|-----------------------------------------------------------------|----------|-------|---------|-------------|-----------------|----------|--------|
|id |regdate             |updatedate          |loginid |loginpw                                                          |authlevel |name   |nickname |cellphonenum |email            |delstatus |deldate |
|---|--------------------|--------------------|--------|-----------------------------------------------------------------|----------|-------|---------|-------------|-----------------|----------|--------|
|2  |2024-12-15 22:35:53 |2024-12-15 22:35:53 |test1   |1b4f0e9851971998e732078544c96b36c3d01cedf7caa332359d6f1d83567014 |3         |회원1_이름 |회원1_닉네임  |01043214321  |s3496h@gmail.com |false     |null    |
|---|--------------------|--------------------|--------|-----------------------------------------------------------------|----------|-------|---------|-------------|-----------------|----------|--------|

2024-12-16 00:06:41 [DEBUG] c.e.d.r.M.getMemberById - <==      Total: 1
2024-12-16 00:06:41 [DEBUG] org.mybatis.spring.SqlSessionUtils - Closing non transactional SqlSession [org.apache.ibatis.session.defaults.DefaultSqlSession@5ecf5cfe]
2024-12-16 00:06:41 [DEBUG] org.mybatis.spring.SqlSessionUtils - Creating a new SqlSession
2024-12-16 00:06:41 [DEBUG] org.mybatis.spring.SqlSessionUtils - SqlSession [org.apache.ibatis.session.defaults.DefaultSqlSession@3573671f] was not registered for synchronization because synchronization is not active
2024-12-16 00:06:41 [DEBUG] o.s.jdbc.datasource.DataSourceUtils - Fetching JDBC Connection from DataSource
2024-12-16 00:06:41 [DEBUG] o.m.s.t.SpringManagedTransaction - JDBC Connection [HikariProxyConnection@1992210578 wrapping net.sf.log4jdbc.sql.jdbcapi.ConnectionSpy@68fd91b2] will not be managed by Spring
2024-12-16 00:06:41 [DEBUG] c.e.d.r.BoardRepository.getBoardById - ==>  Preparing: SELECT * FROM board WHERE id = ? AND delStatus = 0
2024-12-16 00:06:41 [DEBUG] c.e.d.r.BoardRepository.getBoardById - ==> Parameters: 2(Integer)
2024-12-16 00:06:41 [DEBUG] jdbc.sqltiming -  com.zaxxer.hikari.pool.ProxyPreparedStatement.execute(ProxyPreparedStatement.java:44)
101. SELECT *
FROM board
WHERE id = 2
AND delStatus = 0
 {executed in 0 msec}
2024-12-16 00:06:41 [INFO ] jdbc.resultsettable - 
|---|--------------------|--------------------|-----|-----|----------|--------|
|id |regdate             |updatedate          |code |name |delstatus |deldate |
|---|--------------------|--------------------|-----|-----|----------|--------|
|2  |2024-12-15 22:35:53 |2024-12-15 22:35:53 |FREE |자유   |false     |null    |
|---|--------------------|--------------------|-----|-----|----------|--------|

2024-12-16 00:06:41 [DEBUG] c.e.d.r.BoardRepository.getBoardById - <==      Total: 1
2024-12-16 00:06:41 [DEBUG] org.mybatis.spring.SqlSessionUtils - Closing non transactional SqlSession [org.apache.ibatis.session.defaults.DefaultSqlSession@3573671f]
2024-12-16 00:06:41 [DEBUG] org.mybatis.spring.SqlSessionUtils - Creating a new SqlSession
2024-12-16 00:06:41 [DEBUG] org.mybatis.spring.SqlSessionUtils - SqlSession [org.apache.ibatis.session.defaults.DefaultSqlSession@55f87274] was not registered for synchronization because synchronization is not active
2024-12-16 00:06:41 [DEBUG] o.s.jdbc.datasource.DataSourceUtils - Fetching JDBC Connection from DataSource
2024-12-16 00:06:41 [DEBUG] o.m.s.t.SpringManagedTransaction - JDBC Connection [HikariProxyConnection@1761123036 wrapping net.sf.log4jdbc.sql.jdbcapi.ConnectionSpy@68fd91b2] will not be managed by Spring
2024-12-16 00:06:41 [DEBUG] c.e.d.r.A.getArticleCount - ==>  Preparing: SELECT COUNT(*), A.*, M.nickname AS extra__writer FROM article AS A INNER JOIN `member` AS M ON A.memberId = M.id WHERE 1 AND A.boardId = ? ORDER BY A.id DESC;
2024-12-16 00:06:41 [DEBUG] c.e.d.r.A.getArticleCount - ==> Parameters: 2(Integer)
2024-12-16 00:06:41 [DEBUG] jdbc.sqltiming -  com.zaxxer.hikari.pool.ProxyPreparedStatement.execute(ProxyPreparedStatement.java:44)
101. SELECT COUNT(*), A.*, M.nickname AS extra__writer
	FROM article AS A
	INNER JOIN `member` AS M
	ON A.memberId = M.id
	WHERE 1

		AND A.boardId = 2

	ORDER BY A.id DESC;
 {executed in 0 msec}
2024-12-16 00:06:41 [INFO ] jdbc.resultsettable - 
|---------|---|--------------------|--------------------|---------|--------|------|-----|---------|------------------|-----------------|---------|
|count(*) |id |regdate             |updatedate          |memberid |boardid |title |body |hitcount |goodreactionpoint |badreactionpoint |nickname |
|---------|---|--------------------|--------------------|---------|--------|------|-----|---------|------------------|-----------------|---------|
|4        |3  |2024-12-15T22:35:53 |2024-12-15T22:35:53 |3        |2       |제목3   |내용3  |0        |0                 |0                |회원2_닉네임  |
|---------|---|--------------------|--------------------|---------|--------|------|-----|---------|------------------|-----------------|---------|

2024-12-16 00:06:41 [DEBUG] c.e.d.r.A.getArticleCount - <==      Total: 1
2024-12-16 00:06:41 [DEBUG] org.mybatis.spring.SqlSessionUtils - Closing non transactional SqlSession [org.apache.ibatis.session.defaults.DefaultSqlSession@55f87274]
2024-12-16 00:06:41 [DEBUG] org.mybatis.spring.SqlSessionUtils - Creating a new SqlSession
2024-12-16 00:06:41 [DEBUG] org.mybatis.spring.SqlSessionUtils - SqlSession [org.apache.ibatis.session.defaults.DefaultSqlSession@3a6da901] was not registered for synchronization because synchronization is not active
2024-12-16 00:06:41 [DEBUG] o.s.jdbc.datasource.DataSourceUtils - Fetching JDBC Connection from DataSource
2024-12-16 00:06:41 [DEBUG] o.m.s.t.SpringManagedTransaction - JDBC Connection [HikariProxyConnection@922594622 wrapping net.sf.log4jdbc.sql.jdbcapi.ConnectionSpy@68fd91b2] will not be managed by Spring
2024-12-16 00:06:41 [DEBUG] c.e.d.r.A.getForPrintArticles - ==>  Preparing: SELECT A.*, M.nickname AS extra__writer, IFNULL(COUNT(R.id),0) AS extra__repliesCount FROM article AS A INNER JOIN `member` AS M ON A.memberId = M.id LEFT JOIN `reply` AS R ON A.id = R.relId WHERE 1 AND boardId = ? GROUP BY A.id ORDER BY A.id DESC LIMIT ?, ?
2024-12-16 00:06:41 [DEBUG] c.e.d.r.A.getForPrintArticles - ==> Parameters: 2(Integer), 0(Integer), 10(Integer)
2024-12-16 00:06:41 [DEBUG] jdbc.sqltiming -  com.zaxxer.hikari.pool.ProxyPreparedStatement.execute(ProxyPreparedStatement.java:44)
101. SELECT A.*, M.nickname AS extra__writer, IFNULL(COUNT(R.id),0) AS extra__repliesCount
	FROM article AS A
	INNER JOIN `member` AS M
	ON A.memberId = M.id
	LEFT JOIN `reply` AS R
	ON A.id = R.relId
	WHERE 1

		AND boardId = 2

	GROUP BY A.id
	ORDER BY A.id DESC

		LIMIT 0, 10
 {executed in 6 msec}
2024-12-16 00:06:41 [INFO ] jdbc.resultsettable - 
|---|--------------------|--------------------|---------|--------|------------------------|------------------------|---------|------------------|-----------------|---------|--------------------|
|id |regdate             |updatedate          |memberid |boardid |title                   |body                    |hitcount |goodreactionpoint |badreactionpoint |nickname |extra__repliescount |
|---|--------------------|--------------------|---------|--------|------------------------|------------------------|---------|------------------|-----------------|---------|--------------------|
|8  |2024-12-15 22:35:53 |2024-12-15 22:35:53 |2        |2       |제목__0.8569809131854967  |내용__0.14009466314697142 |0        |0                 |0                |회원1_닉네임  |0                   |
|6  |2024-12-15 22:35:53 |2024-12-15 22:35:53 |2        |2       |제목__0.5563000185008161  |내용__0.5289377565765173  |0        |0                 |0                |회원1_닉네임  |0                   |
|5  |2024-12-15 22:35:53 |2024-12-15 22:35:53 |2        |2       |제목__0.08984725744449278 |내용__0.48932861209784506 |0        |0                 |0                |회원1_닉네임  |0                   |
|3  |2024-12-15 22:35:53 |2024-12-15 22:35:53 |3        |2       |제목3                     |내용3                     |0        |0                 |0                |회원2_닉네임  |0                   |
|---|--------------------|--------------------|---------|--------|------------------------|------------------------|---------|------------------|-----------------|---------|--------------------|

2024-12-16 00:06:41 [DEBUG] c.e.d.r.A.getForPrintArticles - <==      Total: 4
2024-12-16 00:06:41 [DEBUG] org.mybatis.spring.SqlSessionUtils - Closing non transactional SqlSession [org.apache.ibatis.session.defaults.DefaultSqlSession@3a6da901]
2024-12-16 00:06:43 [DEBUG] org.mybatis.spring.SqlSessionUtils - Creating a new SqlSession
2024-12-16 00:06:43 [DEBUG] org.mybatis.spring.SqlSessionUtils - SqlSession [org.apache.ibatis.session.defaults.DefaultSqlSession@286b12e7] was not registered for synchronization because synchronization is not active
2024-12-16 00:06:43 [DEBUG] o.s.jdbc.datasource.DataSourceUtils - Fetching JDBC Connection from DataSource
2024-12-16 00:06:43 [DEBUG] o.m.s.t.SpringManagedTransaction - JDBC Connection [HikariProxyConnection@1846877731 wrapping net.sf.log4jdbc.sql.jdbcapi.ConnectionSpy@68fd91b2] will not be managed by Spring
2024-12-16 00:06:43 [DEBUG] c.e.d.r.M.getMemberById - ==>  Preparing: SELECT * FROM `member` WHERE id = ?
2024-12-16 00:06:43 [DEBUG] c.e.d.r.M.getMemberById - ==> Parameters: 2(Integer)
2024-12-16 00:06:43 [DEBUG] jdbc.sqltiming -  com.zaxxer.hikari.pool.ProxyPreparedStatement.execute(ProxyPreparedStatement.java:44)
101. SELECT * FROM `member` WHERE id = 2
 {executed in 1 msec}
2024-12-16 00:06:43 [INFO ] jdbc.resultsettable - 
|---|--------------------|--------------------|--------|-----------------------------------------------------------------|----------|-------|---------|-------------|-----------------|----------|--------|
|id |regdate             |updatedate          |loginid |loginpw                                                          |authlevel |name   |nickname |cellphonenum |email            |delstatus |deldate |
|---|--------------------|--------------------|--------|-----------------------------------------------------------------|----------|-------|---------|-------------|-----------------|----------|--------|
|2  |2024-12-15 22:35:53 |2024-12-15 22:35:53 |test1   |1b4f0e9851971998e732078544c96b36c3d01cedf7caa332359d6f1d83567014 |3         |회원1_이름 |회원1_닉네임  |01043214321  |s3496h@gmail.com |false     |null    |
|---|--------------------|--------------------|--------|-----------------------------------------------------------------|----------|-------|---------|-------------|-----------------|----------|--------|

2024-12-16 00:06:43 [DEBUG] c.e.d.r.M.getMemberById - <==      Total: 1
2024-12-16 00:06:43 [DEBUG] org.mybatis.spring.SqlSessionUtils - Closing non transactional SqlSession [org.apache.ibatis.session.defaults.DefaultSqlSession@286b12e7]
2024-12-16 00:06:43 [DEBUG] org.mybatis.spring.SqlSessionUtils - Creating a new SqlSession
2024-12-16 00:06:43 [DEBUG] org.mybatis.spring.SqlSessionUtils - SqlSession [org.apache.ibatis.session.defaults.DefaultSqlSession@c71e68b] was not registered for synchronization because synchronization is not active
2024-12-16 00:06:43 [DEBUG] o.s.jdbc.datasource.DataSourceUtils - Fetching JDBC Connection from DataSource
2024-12-16 00:06:43 [DEBUG] o.m.s.t.SpringManagedTransaction - JDBC Connection [HikariProxyConnection@1374661618 wrapping net.sf.log4jdbc.sql.jdbcapi.ConnectionSpy@68fd91b2] will not be managed by Spring
2024-12-16 00:06:43 [DEBUG] c.e.d.r.BoardRepository.getBoardById - ==>  Preparing: SELECT * FROM board WHERE id = ? AND delStatus = 0
2024-12-16 00:06:43 [DEBUG] c.e.d.r.BoardRepository.getBoardById - ==> Parameters: 3(Integer)
2024-12-16 00:06:43 [DEBUG] jdbc.sqltiming -  com.zaxxer.hikari.pool.ProxyPreparedStatement.execute(ProxyPreparedStatement.java:44)
101. SELECT *
FROM board
WHERE id = 3
AND delStatus = 0
 {executed in 0 msec}
2024-12-16 00:06:43 [INFO ] jdbc.resultsettable - 
|---|--------------------|--------------------|-----|-----|----------|--------|
|id |regdate             |updatedate          |code |name |delstatus |deldate |
|---|--------------------|--------------------|-----|-----|----------|--------|
|3  |2024-12-15 22:35:53 |2024-12-15 22:35:53 |QnA  |질의응답 |false     |null    |
|---|--------------------|--------------------|-----|-----|----------|--------|

2024-12-16 00:06:43 [DEBUG] c.e.d.r.BoardRepository.getBoardById - <==      Total: 1
2024-12-16 00:06:43 [DEBUG] org.mybatis.spring.SqlSessionUtils - Closing non transactional SqlSession [org.apache.ibatis.session.defaults.DefaultSqlSession@c71e68b]
2024-12-16 00:06:43 [DEBUG] org.mybatis.spring.SqlSessionUtils - Creating a new SqlSession
2024-12-16 00:06:43 [DEBUG] org.mybatis.spring.SqlSessionUtils - SqlSession [org.apache.ibatis.session.defaults.DefaultSqlSession@6c52093c] was not registered for synchronization because synchronization is not active
2024-12-16 00:06:43 [DEBUG] o.s.jdbc.datasource.DataSourceUtils - Fetching JDBC Connection from DataSource
2024-12-16 00:06:43 [DEBUG] o.m.s.t.SpringManagedTransaction - JDBC Connection [HikariProxyConnection@806897797 wrapping net.sf.log4jdbc.sql.jdbcapi.ConnectionSpy@68fd91b2] will not be managed by Spring
2024-12-16 00:06:43 [DEBUG] c.e.d.r.A.getArticleCount - ==>  Preparing: SELECT COUNT(*), A.*, M.nickname AS extra__writer FROM article AS A INNER JOIN `member` AS M ON A.memberId = M.id WHERE 1 AND A.boardId = ? ORDER BY A.id DESC;
2024-12-16 00:06:43 [DEBUG] c.e.d.r.A.getArticleCount - ==> Parameters: 3(Integer)
2024-12-16 00:06:43 [DEBUG] jdbc.sqltiming -  com.zaxxer.hikari.pool.ProxyPreparedStatement.execute(ProxyPreparedStatement.java:44)
101. SELECT COUNT(*), A.*, M.nickname AS extra__writer
	FROM article AS A
	INNER JOIN `member` AS M
	ON A.memberId = M.id
	WHERE 1

		AND A.boardId = 3

	ORDER BY A.id DESC;
 {executed in 1 msec}
2024-12-16 00:06:43 [INFO ] jdbc.resultsettable - 
|---------|---|--------------------|--------------------|---------|--------|------|-----|---------|------------------|-----------------|---------|
|count(*) |id |regdate             |updatedate          |memberid |boardid |title |body |hitcount |goodreactionpoint |badreactionpoint |nickname |
|---------|---|--------------------|--------------------|---------|--------|------|-----|---------|------------------|-----------------|---------|
|1        |4  |2024-12-15T22:35:53 |2024-12-15T22:35:53 |3        |3       |제목4   |내용4  |0        |0                 |0                |회원2_닉네임  |
|---------|---|--------------------|--------------------|---------|--------|------|-----|---------|------------------|-----------------|---------|

2024-12-16 00:06:43 [DEBUG] c.e.d.r.A.getArticleCount - <==      Total: 1
2024-12-16 00:06:43 [DEBUG] org.mybatis.spring.SqlSessionUtils - Closing non transactional SqlSession [org.apache.ibatis.session.defaults.DefaultSqlSession@6c52093c]
2024-12-16 00:06:43 [DEBUG] org.mybatis.spring.SqlSessionUtils - Creating a new SqlSession
2024-12-16 00:06:43 [DEBUG] org.mybatis.spring.SqlSessionUtils - SqlSession [org.apache.ibatis.session.defaults.DefaultSqlSession@69d24232] was not registered for synchronization because synchronization is not active
2024-12-16 00:06:43 [DEBUG] o.s.jdbc.datasource.DataSourceUtils - Fetching JDBC Connection from DataSource
2024-12-16 00:06:43 [DEBUG] o.m.s.t.SpringManagedTransaction - JDBC Connection [HikariProxyConnection@314364488 wrapping net.sf.log4jdbc.sql.jdbcapi.ConnectionSpy@68fd91b2] will not be managed by Spring
2024-12-16 00:06:43 [DEBUG] c.e.d.r.A.getForPrintArticles - ==>  Preparing: SELECT A.*, M.nickname AS extra__writer, IFNULL(COUNT(R.id),0) AS extra__repliesCount FROM article AS A INNER JOIN `member` AS M ON A.memberId = M.id LEFT JOIN `reply` AS R ON A.id = R.relId WHERE 1 AND boardId = ? GROUP BY A.id ORDER BY A.id DESC LIMIT ?, ?
2024-12-16 00:06:43 [DEBUG] c.e.d.r.A.getForPrintArticles - ==> Parameters: 3(Integer), 0(Integer), 10(Integer)
2024-12-16 00:06:43 [DEBUG] jdbc.sqltiming -  com.zaxxer.hikari.pool.ProxyPreparedStatement.execute(ProxyPreparedStatement.java:44)
101. SELECT A.*, M.nickname AS extra__writer, IFNULL(COUNT(R.id),0) AS extra__repliesCount
	FROM article AS A
	INNER JOIN `member` AS M
	ON A.memberId = M.id
	LEFT JOIN `reply` AS R
	ON A.id = R.relId
	WHERE 1

		AND boardId = 3

	GROUP BY A.id
	ORDER BY A.id DESC

		LIMIT 0, 10
 {executed in 5 msec}
2024-12-16 00:06:43 [INFO ] jdbc.resultsettable - 
|---|--------------------|--------------------|---------|--------|------|-----|---------|------------------|-----------------|---------|--------------------|
|id |regdate             |updatedate          |memberid |boardid |title |body |hitcount |goodreactionpoint |badreactionpoint |nickname |extra__repliescount |
|---|--------------------|--------------------|---------|--------|------|-----|---------|------------------|-----------------|---------|--------------------|
|4  |2024-12-15 22:35:53 |2024-12-15 22:35:53 |3        |3       |제목4   |내용4  |0        |0                 |0                |회원2_닉네임  |0                   |
|---|--------------------|--------------------|---------|--------|------|-----|---------|------------------|-----------------|---------|--------------------|

2024-12-16 00:06:43 [DEBUG] c.e.d.r.A.getForPrintArticles - <==      Total: 1
2024-12-16 00:06:43 [DEBUG] org.mybatis.spring.SqlSessionUtils - Closing non transactional SqlSession [org.apache.ibatis.session.defaults.DefaultSqlSession@69d24232]
2024-12-16 00:06:50 [DEBUG] com.zaxxer.hikari.pool.HikariPool - HikariPool-9 - Pool stats (total=10, active=0, idle=10, waiting=0)
2024-12-16 00:06:50 [DEBUG] com.zaxxer.hikari.pool.HikariPool - HikariPool-9 - Fill pool skipped, pool has sufficient level or currently being filled (queueDepth=0).
2024-12-16 00:07:20 [DEBUG] com.zaxxer.hikari.pool.HikariPool - HikariPool-9 - Pool stats (total=10, active=0, idle=10, waiting=0)
2024-12-16 00:07:20 [DEBUG] com.zaxxer.hikari.pool.HikariPool - HikariPool-9 - Fill pool skipped, pool has sufficient level or currently being filled (queueDepth=0).
2024-12-16 00:07:50 [DEBUG] com.zaxxer.hikari.pool.HikariPool - HikariPool-9 - Pool stats (total=10, active=0, idle=10, waiting=0)
2024-12-16 00:07:50 [DEBUG] com.zaxxer.hikari.pool.HikariPool - HikariPool-9 - Fill pool skipped, pool has sufficient level or currently being filled (queueDepth=0).
2024-12-16 00:08:20 [DEBUG] com.zaxxer.hikari.pool.HikariPool - HikariPool-9 - Pool stats (total=10, active=0, idle=10, waiting=0)
2024-12-16 00:08:20 [DEBUG] com.zaxxer.hikari.pool.HikariPool - HikariPool-9 - Fill pool skipped, pool has sufficient level or currently being filled (queueDepth=0).
2024-12-16 00:08:50 [DEBUG] com.zaxxer.hikari.pool.HikariPool - HikariPool-9 - Pool stats (total=10, active=0, idle=10, waiting=0)
2024-12-16 00:08:50 [DEBUG] com.zaxxer.hikari.pool.HikariPool - HikariPool-9 - Fill pool skipped, pool has sufficient level or currently being filled (queueDepth=0).
2024-12-16 00:09:20 [DEBUG] com.zaxxer.hikari.pool.HikariPool - HikariPool-9 - Pool stats (total=10, active=0, idle=10, waiting=0)
2024-12-16 00:09:20 [DEBUG] com.zaxxer.hikari.pool.HikariPool - HikariPool-9 - Fill pool skipped, pool has sufficient level or currently being filled (queueDepth=0).
2024-12-16 00:09:50 [DEBUG] com.zaxxer.hikari.pool.HikariPool - HikariPool-9 - Pool stats (total=10, active=0, idle=10, waiting=0)
2024-12-16 00:09:50 [DEBUG] com.zaxxer.hikari.pool.HikariPool - HikariPool-9 - Fill pool skipped, pool has sufficient level or currently being filled (queueDepth=0).
2024-12-16 00:10:20 [DEBUG] com.zaxxer.hikari.pool.HikariPool - HikariPool-9 - Pool stats (total=10, active=0, idle=10, waiting=0)
2024-12-16 00:10:20 [DEBUG] com.zaxxer.hikari.pool.HikariPool - HikariPool-9 - Fill pool skipped, pool has sufficient level or currently being filled (queueDepth=0).
2024-12-16 00:10:50 [DEBUG] com.zaxxer.hikari.pool.HikariPool - HikariPool-9 - Pool stats (total=10, active=0, idle=10, waiting=0)
2024-12-16 00:10:50 [DEBUG] com.zaxxer.hikari.pool.HikariPool - HikariPool-9 - Fill pool skipped, pool has sufficient level or currently being filled (queueDepth=0).
2024-12-16 00:11:20 [DEBUG] com.zaxxer.hikari.pool.HikariPool - HikariPool-9 - Pool stats (total=10, active=0, idle=10, waiting=0)
2024-12-16 00:11:20 [DEBUG] com.zaxxer.hikari.pool.HikariPool - HikariPool-9 - Fill pool skipped, pool has sufficient level or currently being filled (queueDepth=0).
2024-12-16 00:11:50 [DEBUG] com.zaxxer.hikari.pool.HikariPool - HikariPool-9 - Pool stats (total=10, active=0, idle=10, waiting=0)
2024-12-16 00:11:50 [DEBUG] com.zaxxer.hikari.pool.HikariPool - HikariPool-9 - Fill pool skipped, pool has sufficient level or currently being filled (queueDepth=0).
2024-12-16 00:12:20 [DEBUG] com.zaxxer.hikari.pool.HikariPool - HikariPool-9 - Pool stats (total=10, active=0, idle=10, waiting=0)
2024-12-16 00:12:20 [DEBUG] com.zaxxer.hikari.pool.HikariPool - HikariPool-9 - Fill pool skipped, pool has sufficient level or currently being filled (queueDepth=0).
2024-12-16 00:12:50 [DEBUG] com.zaxxer.hikari.pool.HikariPool - HikariPool-9 - Pool stats (total=10, active=0, idle=10, waiting=0)
2024-12-16 00:12:50 [DEBUG] com.zaxxer.hikari.pool.HikariPool - HikariPool-9 - Fill pool skipped, pool has sufficient level or currently being filled (queueDepth=0).
2024-12-16 00:13:20 [DEBUG] com.zaxxer.hikari.pool.HikariPool - HikariPool-9 - Pool stats (total=10, active=0, idle=10, waiting=0)
2024-12-16 00:13:20 [DEBUG] com.zaxxer.hikari.pool.HikariPool - HikariPool-9 - Fill pool skipped, pool has sufficient level or currently being filled (queueDepth=0).
2024-12-16 00:13:50 [DEBUG] com.zaxxer.hikari.pool.HikariPool - HikariPool-9 - Pool stats (total=10, active=0, idle=10, waiting=0)
2024-12-16 00:13:50 [DEBUG] com.zaxxer.hikari.pool.HikariPool - HikariPool-9 - Fill pool skipped, pool has sufficient level or currently being filled (queueDepth=0).
2024-12-16 00:14:20 [DEBUG] com.zaxxer.hikari.pool.HikariPool - HikariPool-9 - Pool stats (total=10, active=0, idle=10, waiting=0)
2024-12-16 00:14:20 [DEBUG] com.zaxxer.hikari.pool.HikariPool - HikariPool-9 - Fill pool skipped, pool has sufficient level or currently being filled (queueDepth=0).
2024-12-16 00:14:50 [DEBUG] com.zaxxer.hikari.pool.HikariPool - HikariPool-9 - Pool stats (total=10, active=0, idle=10, waiting=0)
2024-12-16 00:14:50 [DEBUG] com.zaxxer.hikari.pool.HikariPool - HikariPool-9 - Fill pool skipped, pool has sufficient level or currently being filled (queueDepth=0).
2024-12-16 00:15:20 [DEBUG] com.zaxxer.hikari.pool.HikariPool - HikariPool-9 - Pool stats (total=10, active=0, idle=10, waiting=0)
2024-12-16 00:15:20 [DEBUG] com.zaxxer.hikari.pool.HikariPool - HikariPool-9 - Fill pool skipped, pool has sufficient level or currently being filled (queueDepth=0).
2024-12-16 00:15:50 [DEBUG] com.zaxxer.hikari.pool.HikariPool - HikariPool-9 - Pool stats (total=10, active=0, idle=10, waiting=0)
2024-12-16 00:15:50 [DEBUG] com.zaxxer.hikari.pool.HikariPool - HikariPool-9 - Fill pool skipped, pool has sufficient level or currently being filled (queueDepth=0).
2024-12-16 00:16:20 [DEBUG] com.zaxxer.hikari.pool.HikariPool - HikariPool-9 - Pool stats (total=10, active=0, idle=10, waiting=0)
2024-12-16 00:16:20 [DEBUG] com.zaxxer.hikari.pool.HikariPool - HikariPool-9 - Fill pool skipped, pool has sufficient level or currently being filled (queueDepth=0).
2024-12-16 00:16:50 [DEBUG] com.zaxxer.hikari.pool.HikariPool - HikariPool-9 - Pool stats (total=10, active=0, idle=10, waiting=0)
2024-12-16 00:16:50 [DEBUG] com.zaxxer.hikari.pool.HikariPool - HikariPool-9 - Fill pool skipped, pool has sufficient level or currently being filled (queueDepth=0).
2024-12-16 00:16:55 [INFO ] o.s.b.a.SpringApplicationAdminMXBeanRegistrar$SpringApplicationAdmin - Application shutdown requested.
2024-12-16 00:16:55 [DEBUG] o.s.b.a.ApplicationAvailabilityBean - Application availability state ReadinessState changed from ACCEPTING_TRAFFIC to REFUSING_TRAFFIC
2024-12-16 00:16:55 [DEBUG] o.s.b.w.s.c.AnnotationConfigServletWebServerApplicationContext - Closing org.springframework.boot.web.servlet.context.AnnotationConfigServletWebServerApplicationContext@190c5a90, started on Sun Dec 15 23:32:18 KST 2024
2024-12-16 00:16:55 [DEBUG] o.s.c.s.DefaultLifecycleProcessor - Stopping beans in phase 2147483647
2024-12-16 00:16:55 [DEBUG] o.s.c.s.DefaultLifecycleProcessor - Bean 'applicationTaskExecutor' completed its stop procedure
2024-12-16 00:16:55 [DEBUG] o.s.c.s.DefaultLifecycleProcessor - Stopping beans in phase 2147482623
2024-12-16 00:16:55 [DEBUG] o.s.c.s.DefaultLifecycleProcessor - Bean 'webServerGracefulShutdown' completed its stop procedure
2024-12-16 00:16:55 [DEBUG] o.s.c.s.DefaultLifecycleProcessor - Stopping beans in phase 2147481599
2024-12-16 00:16:55 [INFO ] o.a.coyote.http11.Http11NioProtocol - Stopping ProtocolHandler ["http-nio-8080"]
2024-12-16 00:16:55 [DEBUG] o.s.c.s.DefaultLifecycleProcessor - Bean 'webServerStartStop' completed its stop procedure
2024-12-16 00:16:55 [DEBUG] o.s.c.s.DefaultLifecycleProcessor - Stopping beans in phase -2147483647
2024-12-16 00:16:55 [DEBUG] o.s.c.s.DefaultLifecycleProcessor - Bean 'springBootLoggingLifecycle' completed its stop procedure
2024-12-16 00:16:55 [DEBUG] o.s.j.e.a.AnnotationMBeanExporter - Unregistering JMX-exposed beans on shutdown
2024-12-16 00:16:55 [DEBUG] o.s.j.e.a.AnnotationMBeanExporter - Unregistering JMX-exposed beans
2024-12-16 00:16:55 [DEBUG] o.s.s.c.ThreadPoolTaskExecutor - Shutting down ExecutorService 'applicationTaskExecutor'
2024-12-16 00:16:55 [INFO ] com.zaxxer.hikari.HikariDataSource - HikariPool-9 - Shutdown initiated...
2024-12-16 00:16:55 [DEBUG] com.zaxxer.hikari.pool.HikariPool - HikariPool-9 - Before shutdown stats (total=10, active=0, idle=10, waiting=0)
2024-12-16 00:16:55 [DEBUG] com.zaxxer.hikari.pool.PoolBase - HikariPool-9 - Closing connection net.sf.log4jdbc.sql.jdbcapi.ConnectionSpy@68fd91b2: (connection evicted)
2024-12-16 00:16:55 [DEBUG] com.zaxxer.hikari.pool.PoolBase - HikariPool-9 - Closing connection net.sf.log4jdbc.sql.jdbcapi.ConnectionSpy@60e12e5e: (connection evicted)
2024-12-16 00:16:55 [DEBUG] com.zaxxer.hikari.pool.PoolBase - HikariPool-9 - Closing connection net.sf.log4jdbc.sql.jdbcapi.ConnectionSpy@186cdd18: (connection evicted)
2024-12-16 00:16:55 [DEBUG] com.zaxxer.hikari.pool.PoolBase - HikariPool-9 - Closing connection net.sf.log4jdbc.sql.jdbcapi.ConnectionSpy@24aab9bc: (connection evicted)
2024-12-16 00:16:55 [DEBUG] com.zaxxer.hikari.pool.PoolBase - HikariPool-9 - Closing connection net.sf.log4jdbc.sql.jdbcapi.ConnectionSpy@6963ff26: (connection evicted)
2024-12-16 00:16:55 [DEBUG] com.zaxxer.hikari.pool.PoolBase - HikariPool-9 - Closing connection net.sf.log4jdbc.sql.jdbcapi.ConnectionSpy@285ef51d: (connection evicted)
2024-12-16 00:16:55 [DEBUG] com.zaxxer.hikari.pool.PoolBase - HikariPool-9 - Closing connection net.sf.log4jdbc.sql.jdbcapi.ConnectionSpy@19bc7cba: (connection evicted)
2024-12-16 00:16:55 [DEBUG] com.zaxxer.hikari.pool.PoolBase - HikariPool-9 - Closing connection net.sf.log4jdbc.sql.jdbcapi.ConnectionSpy@1d01e42b: (connection evicted)
2024-12-16 00:16:55 [DEBUG] com.zaxxer.hikari.pool.PoolBase - HikariPool-9 - Closing connection net.sf.log4jdbc.sql.jdbcapi.ConnectionSpy@5c3cee10: (connection evicted)
2024-12-16 00:16:55 [DEBUG] com.zaxxer.hikari.pool.PoolBase - HikariPool-9 - Closing connection net.sf.log4jdbc.sql.jdbcapi.ConnectionSpy@66ebee99: (connection evicted)
2024-12-16 00:16:55 [DEBUG] com.zaxxer.hikari.pool.HikariPool - HikariPool-9 - After shutdown stats (total=0, active=0, idle=0, waiting=0)
2024-12-16 00:16:55 [INFO ] com.zaxxer.hikari.HikariDataSource - HikariPool-9 - Shutdown completed.
